2024-03-05T17:50:02+00:00 CRITICAL Uncaught TypeError: implode(): Argument #2 ($array) must be of type ?array, string given in /var/www/html/servicesite/wp-content/themes/truelysell-child/template-parts/template-staff-dashboard.php:140
Stack trace:
#0 /var/www/html/servicesite/wp-content/themes/truelysell-child/template-parts/template-staff-dashboard.php(140): implode()
#1 /var/www/html/servicesite/wp-includes/template-loader.php(106): include('...')
#2 /var/www/html/servicesite/wp-blog-header.php(19): require_once('...')
#3 /var/www/html/servicesite/index.php(17): require('...')
#4 {main}
  thrown in /var/www/html/servicesite/wp-content/themes/truelysell-child/template-parts/template-staff-dashboard.php on line 140

2024-03-05T19:34:41+00:00 CRITICAL syntax error, unexpected token ";", expecting ")" in /var/www/html/servicesite/wp-content/themes/truelysell-child/template-parts/template-staff-dashboard.php on line 124

2024-03-05T19:35:04+00:00 CRITICAL Uncaught Error: Call to undefined function print_rr() in /var/www/html/servicesite/wp-content/themes/truelysell-child/template-parts/template-staff-dashboard.php:124
Stack trace:
#0 /var/www/html/servicesite/wp-includes/template-loader.php(106): include()
#1 /var/www/html/servicesite/wp-blog-header.php(19): require_once('...')
#2 /var/www/html/servicesite/index.php(17): require('...')
#3 {main}
  thrown in /var/www/html/servicesite/wp-content/themes/truelysell-child/template-parts/template-staff-dashboard.php on line 124

2024-03-05T19:39:28+00:00 CRITICAL syntax error, unexpected identifier "print_r" in /var/www/html/servicesite/wp-content/themes/truelysell-child/template-parts/template-staff-dashboard.php on line 125

2024-03-05T19:41:44+00:00 CRITICAL Uncaught Error: Object of class stdClass could not be converted to string in /var/www/html/servicesite/wp-content/themes/truelysell-child/template-parts/template-staff-dashboard.php:180
Stack trace:
#0 /var/www/html/servicesite/wp-includes/template-loader.php(106): include()
#1 /var/www/html/servicesite/wp-blog-header.php(19): require_once('...')
#2 /var/www/html/servicesite/index.php(17): require('...')
#3 {main}
  thrown in /var/www/html/servicesite/wp-content/themes/truelysell-child/template-parts/template-staff-dashboard.php on line 180

2024-03-05T20:26:49+00:00 CRITICAL syntax error, unexpected token "<" in /var/www/html/servicesite/wp-content/themes/truelysell-child/template-parts/template-staff-dashboard.php on line 128

2024-03-05T20:27:10+00:00 CRITICAL syntax error, unexpected token "<" in /var/www/html/servicesite/wp-content/themes/truelysell-child/template-parts/template-staff-dashboard.php on line 141

2024-03-05T20:30:50+00:00 CRITICAL syntax error, unexpected token "<" in /var/www/html/servicesite/wp-content/themes/truelysell-child/template-parts/template-staff-dashboard.php on line 127

2024-03-05T20:46:20+00:00 CRITICAL syntax error, unexpected token "else" in /var/www/html/servicesite/wp-content/themes/truelysell-child/template-parts/template-staff-dashboard.php on line 241

2024-03-05T20:57:43+00:00 CRITICAL syntax error, unexpected token "[", expecting identifier or variable or "{" or "$" in /var/www/html/servicesite/wp-content/themes/truelysell-child/template-parts/template-staff-dashboard.php on line 147

2024-03-05T20:57:58+00:00 CRITICAL Uncaught TypeError: Unsupported operand types: array - array in /var/www/html/servicesite/wp-content/themes/truelysell-child/template-parts/template-staff-dashboard.php:147
Stack trace:
#0 /var/www/html/servicesite/wp-includes/template-loader.php(106): include()
#1 /var/www/html/servicesite/wp-blog-header.php(19): require_once('...')
#2 /var/www/html/servicesite/index.php(17): require('...')
#3 {main}
  thrown in /var/www/html/servicesite/wp-content/themes/truelysell-child/template-parts/template-staff-dashboard.php on line 147

2024-03-05T21:06:45+00:00 CRITICAL Uncaught Error: [] operator not supported for strings in /var/www/html/servicesite/wp-content/themes/truelysell-child/template-parts/template-staff-dashboard.php:191
Stack trace:
#0 /var/www/html/servicesite/wp-includes/template-loader.php(106): include()
#1 /var/www/html/servicesite/wp-blog-header.php(19): require_once('...')
#2 /var/www/html/servicesite/index.php(17): require('...')
#3 {main}
  thrown in /var/www/html/servicesite/wp-content/themes/truelysell-child/template-parts/template-staff-dashboard.php on line 191

2024-03-05T21:07:33+00:00 CRITICAL Uncaught Error: [] operator not supported for strings in /var/www/html/servicesite/wp-content/themes/truelysell-child/template-parts/template-staff-dashboard.php:191
Stack trace:
#0 /var/www/html/servicesite/wp-includes/template-loader.php(106): include()
#1 /var/www/html/servicesite/wp-blog-header.php(19): require_once('...')
#2 /var/www/html/servicesite/index.php(17): require('...')
#3 {main}
  thrown in /var/www/html/servicesite/wp-content/themes/truelysell-child/template-parts/template-staff-dashboard.php on line 191

2024-03-05T21:07:46+00:00 CRITICAL Uncaught Error: [] operator not supported for strings in /var/www/html/servicesite/wp-content/themes/truelysell-child/template-parts/template-staff-dashboard.php:191
Stack trace:
#0 /var/www/html/servicesite/wp-includes/template-loader.php(106): include()
#1 /var/www/html/servicesite/wp-blog-header.php(19): require_once('...')
#2 /var/www/html/servicesite/index.php(17): require('...')
#3 {main}
  thrown in /var/www/html/servicesite/wp-content/themes/truelysell-child/template-parts/template-staff-dashboard.php on line 191

2024-03-05T21:08:59+00:00 CRITICAL Uncaught TypeError: implode(): Argument #2 ($array) must be of type ?array, string given in /var/www/html/servicesite/wp-content/themes/truelysell-child/template-parts/template-staff-dashboard.php:141
Stack trace:
#0 /var/www/html/servicesite/wp-content/themes/truelysell-child/template-parts/template-staff-dashboard.php(141): implode()
#1 /var/www/html/servicesite/wp-includes/template-loader.php(106): include('...')
#2 /var/www/html/servicesite/wp-blog-header.php(19): require_once('...')
#3 /var/www/html/servicesite/index.php(17): require('...')
#4 {main}
  thrown in /var/www/html/servicesite/wp-content/themes/truelysell-child/template-parts/template-staff-dashboard.php on line 141

2024-03-05T21:09:46+00:00 CRITICAL Uncaught TypeError: implode(): Argument #2 ($array) must be of type ?array, string given in /var/www/html/servicesite/wp-content/themes/truelysell-child/template-parts/template-staff-dashboard.php:140
Stack trace:
#0 /var/www/html/servicesite/wp-content/themes/truelysell-child/template-parts/template-staff-dashboard.php(140): implode()
#1 /var/www/html/servicesite/wp-includes/template-loader.php(106): include('...')
#2 /var/www/html/servicesite/wp-blog-header.php(19): require_once('...')
#3 /var/www/html/servicesite/index.php(17): require('...')
#4 {main}
  thrown in /var/www/html/servicesite/wp-content/themes/truelysell-child/template-parts/template-staff-dashboard.php on line 140

2024-03-05T21:11:42+00:00 CRITICAL Uncaught TypeError: implode(): Argument #2 ($array) must be of type ?array, string given in /var/www/html/servicesite/wp-content/themes/truelysell-child/template-parts/template-staff-dashboard.php:235
Stack trace:
#0 /var/www/html/servicesite/wp-content/themes/truelysell-child/template-parts/template-staff-dashboard.php(235): implode()
#1 /var/www/html/servicesite/wp-includes/template-loader.php(106): include('...')
#2 /var/www/html/servicesite/wp-blog-header.php(19): require_once('...')
#3 /var/www/html/servicesite/index.php(17): require('...')
#4 {main}
  thrown in /var/www/html/servicesite/wp-content/themes/truelysell-child/template-parts/template-staff-dashboard.php on line 235

2024-03-05T21:14:33+00:00 CRITICAL Uncaught Error: [] operator not supported for strings in /var/www/html/servicesite/wp-content/themes/truelysell-child/template-parts/template-staff-dashboard.php:191
Stack trace:
#0 /var/www/html/servicesite/wp-includes/template-loader.php(106): include()
#1 /var/www/html/servicesite/wp-blog-header.php(19): require_once('...')
#2 /var/www/html/servicesite/index.php(17): require('...')
#3 {main}
  thrown in /var/www/html/servicesite/wp-content/themes/truelysell-child/template-parts/template-staff-dashboard.php on line 191

2024-03-05T21:15:22+00:00 CRITICAL syntax error, unexpected token "exit" in /var/www/html/servicesite/wp-content/themes/truelysell-child/template-parts/template-staff-dashboard.php on line 123

2024-03-05T22:42:05+00:00 CRITICAL Uncaught TypeError: implode(): Argument #2 ($array) must be of type ?array, string given in /var/www/html/servicesite/wp-content/themes/truelysell-child/template-parts/template-staff-dashboard.php:141
Stack trace:
#0 /var/www/html/servicesite/wp-content/themes/truelysell-child/template-parts/template-staff-dashboard.php(141): implode()
#1 /var/www/html/servicesite/wp-includes/template-loader.php(106): include('...')
#2 /var/www/html/servicesite/wp-blog-header.php(19): require_once('...')
#3 /var/www/html/servicesite/index.php(17): require('...')
#4 {main}
  thrown in /var/www/html/servicesite/wp-content/themes/truelysell-child/template-parts/template-staff-dashboard.php on line 141

2024-03-05T22:52:51+00:00 CRITICAL Uncaught TypeError: round(): Argument #1 ($num) must be of type int|float, string given in /var/www/html/servicesite/wp-content/plugins/truelysell-core/templates/account/my_listings.php:76
Stack trace:
#0 /var/www/html/servicesite/wp-content/plugins/truelysell-core/templates/account/my_listings.php(76): round()
#1 /var/www/html/servicesite/wp-includes/template.php(792): require('...')
#2 /var/www/html/servicesite/wp-content/plugins/truelysell-core/lib/class-gamajo-template-loader.php(259): load_template()
#3 /var/www/html/servicesite/wp-content/plugins/truelysell-core/lib/class-gamajo-template-loader.php(119): Gamajo_Template_Loader->locate_template()
#4 /var/www/html/servicesite/wp-content/plugins/truelysell-core/includes/truelysell-core-users.php(1860): Gamajo_Template_Loader->get_template_part()
#5 /var/www/html/servicesite/wp-includes/shortcodes.php(433): Truelysell_Core_Users->truelysell_core_my_listings()
#6 [internal function]: do_shortcode_tag()
#7 /var/www/html/servicesite/wp-includes/shortcodes.php(273): preg_replace_callback()
#8 /var/www/html/servicesite/wp-includes/class-wp-hook.php(324): do_shortcode()
#9 /var/www/html/servicesite/wp-includes/plugin.php(205): WP_Hook->apply_filters()
#10 /var/www/html/servicesite/wp-includes/post-template.php(256): apply_filters()
#11 /var/www/html/servicesite/wp-content/themes/truelysell/template-parts/template-dashboard.php(569): the_content()
#12 /var/www/html/servicesite/wp-includes/template-loader.php(106): include('...')
#13 /var/www/html/servicesite/wp-blog-header.php(19): require_once('...')
#14 /var/www/html/servicesite/index.php(17): require('...')
#15 {main}
  thrown in /var/www/html/servicesite/wp-content/plugins/truelysell-core/templates/account/my_listings.php on line 76

