2024-02-07T21:45:42+00:00 CRITICAL Uncaught Error: Undefined constant "user" in C:\xampp\htdocs\servicesite\wp-content\themes\truelysell-child\functions.php:339
Stack trace:
#0 C:\xampp\htdocs\servicesite\wp-content\themes\truelysell-child\functions.php(316): custom_get_staff_user('sunil@gmail.com')
#1 C:\xampp\htdocs\servicesite\wp-content\themes\truelysell-child\template-parts\template-staff-login.php(11): custom_authenticate_user('sunil@gmail.com', 'Sunil@123')
#2 C:\xampp\htdocs\servicesite\wp-includes\template-loader.php(106): include('C:\\xampp\\htdocs...')
#3 C:\xampp\htdocs\servicesite\wp-blog-header.php(19): require_once('C:\\xampp\\htdocs...')
#4 C:\xampp\htdocs\servicesite\index.php(17): require('C:\\xampp\\htdocs...')
#5 {main}
  thrown in C:\xampp\htdocs\servicesite\wp-content\themes\truelysell-child\functions.php on line 339

2024-02-07T22:05:32+00:00 CRITICAL Uncaught ArgumentCountError: Too few arguments to function custom_authenticate_user(), 2 passed in C:\xampp\htdocs\servicesite\wp-content\themes\truelysell-child\template-parts\template-staff-login.php on line 12 and exactly 3 expected in C:\xampp\htdocs\servicesite\wp-content\themes\truelysell-child\functions.php:314
Stack trace:
#0 C:\xampp\htdocs\servicesite\wp-content\themes\truelysell-child\template-parts\template-staff-login.php(12): custom_authenticate_user('test123@gmail.c...', 'test123@gmail.c...')
#1 C:\xampp\htdocs\servicesite\wp-includes\template-loader.php(106): include('C:\\xampp\\htdocs...')
#2 C:\xampp\htdocs\servicesite\wp-blog-header.php(19): require_once('C:\\xampp\\htdocs...')
#3 C:\xampp\htdocs\servicesite\index.php(17): require('C:\\xampp\\htdocs...')
#4 {main}
  thrown in C:\xampp\htdocs\servicesite\wp-content\themes\truelysell-child\functions.php on line 314

2024-02-07T22:07:04+00:00 CRITICAL Uncaught ArgumentCountError: Too few arguments to function custom_authenticate_user(), 2 passed in C:\xampp\htdocs\servicesite\wp-content\themes\truelysell-child\template-parts\template-staff-login.php on line 12 and exactly 3 expected in C:\xampp\htdocs\servicesite\wp-content\themes\truelysell-child\functions.php:314
Stack trace:
#0 C:\xampp\htdocs\servicesite\wp-content\themes\truelysell-child\template-parts\template-staff-login.php(12): custom_authenticate_user('test123@gmail.c...', 'Test@123456')
#1 C:\xampp\htdocs\servicesite\wp-includes\template-loader.php(106): include('C:\\xampp\\htdocs...')
#2 C:\xampp\htdocs\servicesite\wp-blog-header.php(19): require_once('C:\\xampp\\htdocs...')
#3 C:\xampp\htdocs\servicesite\index.php(17): require('C:\\xampp\\htdocs...')
#4 {main}
  thrown in C:\xampp\htdocs\servicesite\wp-content\themes\truelysell-child\functions.php on line 314

2024-02-07T22:26:26+00:00 CRITICAL Uncaught Error: Object of class stdClass could not be converted to string in C:\xampp\htdocs\servicesite\wp-content\themes\truelysell-child\functions.php:320
Stack trace:
#0 C:\xampp\htdocs\servicesite\wp-includes\class-wp-hook.php(324): custom_login_function('')
#1 C:\xampp\htdocs\servicesite\wp-includes\class-wp-hook.php(348): WP_Hook->apply_filters(NULL, Array)
#2 C:\xampp\htdocs\servicesite\wp-includes\plugin.php(517): WP_Hook->do_action(Array)
#3 C:\xampp\htdocs\servicesite\wp-settings.php(643): do_action('init')
#4 C:\xampp\htdocs\servicesite\wp-config.php(96): require_once('C:\\xampp\\htdocs...')
#5 C:\xampp\htdocs\servicesite\wp-load.php(50): require_once('C:\\xampp\\htdocs...')
#6 C:\xampp\htdocs\servicesite\wp-blog-header.php(13): require_once('C:\\xampp\\htdocs...')
#7 C:\xampp\htdocs\servicesite\index.php(17): require('C:\\xampp\\htdocs...')
#8 {main}
  thrown in C:\xampp\htdocs\servicesite\wp-content\themes\truelysell-child\functions.php on line 320

2024-02-07T22:46:13+00:00 CRITICAL Uncaught ValueError: password_hash(): Argument #2 ($algo) must be a valid password hashing algorithm in C:\xampp\htdocs\servicesite\wp-content\themes\truelysell-child\functions.php:322
Stack trace:
#0 C:\xampp\htdocs\servicesite\wp-content\themes\truelysell-child\functions.php(322): password_hash(Object(SensitiveParameterValue), 'Sunil@123')
#1 C:\xampp\htdocs\servicesite\wp-includes\class-wp-hook.php(324): custom_login_function('')
#2 C:\xampp\htdocs\servicesite\wp-includes\class-wp-hook.php(348): WP_Hook->apply_filters(NULL, Array)
#3 C:\xampp\htdocs\servicesite\wp-includes\plugin.php(517): WP_Hook->do_action(Array)
#4 C:\xampp\htdocs\servicesite\wp-settings.php(643): do_action('init')
#5 C:\xampp\htdocs\servicesite\wp-config.php(96): require_once('C:\\xampp\\htdocs...')
#6 C:\xampp\htdocs\servicesite\wp-load.php(50): require_once('C:\\xampp\\htdocs...')
#7 C:\xampp\htdocs\servicesite\wp-blog-header.php(13): require_once('C:\\xampp\\htdocs...')
#8 C:\xampp\htdocs\servicesite\index.php(17): require('C:\\xampp\\htdocs...')
#9 {main}
  thrown in C:\xampp\htdocs\servicesite\wp-content\themes\truelysell-child\functions.php on line 322

2024-02-07T22:47:02+00:00 CRITICAL Uncaught ValueError: password_hash(): Argument #2 ($algo) must be a valid password hashing algorithm in C:\xampp\htdocs\servicesite\wp-content\themes\truelysell-child\functions.php:322
Stack trace:
#0 C:\xampp\htdocs\servicesite\wp-content\themes\truelysell-child\functions.php(322): password_hash(Object(SensitiveParameterValue), '58ba7bfc50db2d5...')
#1 C:\xampp\htdocs\servicesite\wp-includes\class-wp-hook.php(324): custom_login_function('')
#2 C:\xampp\htdocs\servicesite\wp-includes\class-wp-hook.php(348): WP_Hook->apply_filters(NULL, Array)
#3 C:\xampp\htdocs\servicesite\wp-includes\plugin.php(517): WP_Hook->do_action(Array)
#4 C:\xampp\htdocs\servicesite\wp-settings.php(643): do_action('init')
#5 C:\xampp\htdocs\servicesite\wp-config.php(96): require_once('C:\\xampp\\htdocs...')
#6 C:\xampp\htdocs\servicesite\wp-load.php(50): require_once('C:\\xampp\\htdocs...')
#7 C:\xampp\htdocs\servicesite\wp-blog-header.php(13): require_once('C:\\xampp\\htdocs...')
#8 C:\xampp\htdocs\servicesite\index.php(17): require('C:\\xampp\\htdocs...')
#9 {main}
  thrown in C:\xampp\htdocs\servicesite\wp-content\themes\truelysell-child\functions.php on line 322

