2024-03-04T23:02:40+00:00 CRITICAL Uncaught Error: Cannot use object of type stdClass as array in /var/www/html/servicesite/wp-content/plugins/truelysell-core/templates/booking/content-booking.php:280
Stack trace:
#0 /var/www/html/servicesite/wp-includes/template.php(792): require()
#1 /var/www/html/servicesite/wp-content/plugins/truelysell-core/lib/class-gamajo-template-loader.php(259): load_template()
#2 /var/www/html/servicesite/wp-content/plugins/truelysell-core/lib/class-gamajo-template-loader.php(119): Gamajo_Template_Loader->locate_template()
#3 /var/www/html/servicesite/wp-content/plugins/truelysell-core/templates/dashboard-bookings.php(62): Gamajo_Template_Loader->get_template_part()
#4 /var/www/html/servicesite/wp-includes/template.php(792): require('...')
#5 /var/www/html/servicesite/wp-content/plugins/truelysell-core/lib/class-gamajo-template-loader.php(259): load_template()
#6 /var/www/html/servicesite/wp-content/plugins/truelysell-core/lib/class-gamajo-template-loader.php(119): Gamajo_Template_Loader->locate_template()
#7 /var/www/html/servicesite/wp-content/plugins/truelysell-core/includes/truelysell-core-bookings-calendar.php(2475): Gamajo_Template_Loader->get_template_part()
#8 /var/www/html/servicesite/wp-includes/shortcodes.php(433): Truelysell_Core_Bookings_Calendar::truelysell_core_dashboard_bookings()
#9 [internal function]: do_shortcode_tag()
#10 /var/www/html/servicesite/wp-includes/shortcodes.php(273): preg_replace_callback()
#11 /var/www/html/servicesite/wp-includes/class-wp-hook.php(324): do_shortcode()
#12 /var/www/html/servicesite/wp-includes/plugin.php(205): WP_Hook->apply_filters()
#13 /var/www/html/servicesite/wp-includes/post-template.php(256): apply_filters()
#14 /var/www/html/servicesite/wp-content/themes/truelysell/template-parts/template-dashboard.php(569): the_content()
#15 /var/www/html/servicesite/wp-includes/template-loader.php(106): include('...')
#16 /var/www/html/servicesite/wp-blog-header.php(19): require_once('...')
#17 /var/www/html/servicesite/index.php(17): require('...')
#18 {main}
  thrown in /var/www/html/servicesite/wp-content/plugins/truelysell-core/templates/booking/content-booking.php on line 280

2024-03-04T23:03:50+00:00 CRITICAL Uncaught Error: Cannot use object of type stdClass as array in /var/www/html/servicesite/wp-content/plugins/truelysell-core/templates/booking/content-booking.php:280
Stack trace:
#0 /var/www/html/servicesite/wp-includes/template.php(792): require()
#1 /var/www/html/servicesite/wp-content/plugins/truelysell-core/lib/class-gamajo-template-loader.php(259): load_template()
#2 /var/www/html/servicesite/wp-content/plugins/truelysell-core/lib/class-gamajo-template-loader.php(119): Gamajo_Template_Loader->locate_template()
#3 /var/www/html/servicesite/wp-content/plugins/truelysell-core/templates/dashboard-bookings.php(62): Gamajo_Template_Loader->get_template_part()
#4 /var/www/html/servicesite/wp-includes/template.php(792): require('...')
#5 /var/www/html/servicesite/wp-content/plugins/truelysell-core/lib/class-gamajo-template-loader.php(259): load_template()
#6 /var/www/html/servicesite/wp-content/plugins/truelysell-core/lib/class-gamajo-template-loader.php(119): Gamajo_Template_Loader->locate_template()
#7 /var/www/html/servicesite/wp-content/plugins/truelysell-core/includes/truelysell-core-bookings-calendar.php(2475): Gamajo_Template_Loader->get_template_part()
#8 /var/www/html/servicesite/wp-includes/shortcodes.php(433): Truelysell_Core_Bookings_Calendar::truelysell_core_dashboard_bookings()
#9 [internal function]: do_shortcode_tag()
#10 /var/www/html/servicesite/wp-includes/shortcodes.php(273): preg_replace_callback()
#11 /var/www/html/servicesite/wp-includes/class-wp-hook.php(324): do_shortcode()
#12 /var/www/html/servicesite/wp-includes/plugin.php(205): WP_Hook->apply_filters()
#13 /var/www/html/servicesite/wp-includes/post-template.php(256): apply_filters()
#14 /var/www/html/servicesite/wp-content/themes/truelysell/template-parts/template-dashboard.php(569): the_content()
#15 /var/www/html/servicesite/wp-includes/template-loader.php(106): include('...')
#16 /var/www/html/servicesite/wp-blog-header.php(19): require_once('...')
#17 /var/www/html/servicesite/index.php(17): require('...')
#18 {main}
  thrown in /var/www/html/servicesite/wp-content/plugins/truelysell-core/templates/booking/content-booking.php on line 280

2024-03-04T23:04:42+00:00 CRITICAL Uncaught Error: Cannot use object of type stdClass as array in /var/www/html/servicesite/wp-content/plugins/truelysell-core/templates/booking/content-booking.php:281
Stack trace:
#0 /var/www/html/servicesite/wp-includes/template.php(792): require()
#1 /var/www/html/servicesite/wp-content/plugins/truelysell-core/lib/class-gamajo-template-loader.php(259): load_template()
#2 /var/www/html/servicesite/wp-content/plugins/truelysell-core/lib/class-gamajo-template-loader.php(119): Gamajo_Template_Loader->locate_template()
#3 /var/www/html/servicesite/wp-content/plugins/truelysell-core/templates/dashboard-bookings.php(62): Gamajo_Template_Loader->get_template_part()
#4 /var/www/html/servicesite/wp-includes/template.php(792): require('...')
#5 /var/www/html/servicesite/wp-content/plugins/truelysell-core/lib/class-gamajo-template-loader.php(259): load_template()
#6 /var/www/html/servicesite/wp-content/plugins/truelysell-core/lib/class-gamajo-template-loader.php(119): Gamajo_Template_Loader->locate_template()
#7 /var/www/html/servicesite/wp-content/plugins/truelysell-core/includes/truelysell-core-bookings-calendar.php(2475): Gamajo_Template_Loader->get_template_part()
#8 /var/www/html/servicesite/wp-includes/shortcodes.php(433): Truelysell_Core_Bookings_Calendar::truelysell_core_dashboard_bookings()
#9 [internal function]: do_shortcode_tag()
#10 /var/www/html/servicesite/wp-includes/shortcodes.php(273): preg_replace_callback()
#11 /var/www/html/servicesite/wp-includes/class-wp-hook.php(324): do_shortcode()
#12 /var/www/html/servicesite/wp-includes/plugin.php(205): WP_Hook->apply_filters()
#13 /var/www/html/servicesite/wp-includes/post-template.php(256): apply_filters()
#14 /var/www/html/servicesite/wp-content/themes/truelysell/template-parts/template-dashboard.php(569): the_content()
#15 /var/www/html/servicesite/wp-includes/template-loader.php(106): include('...')
#16 /var/www/html/servicesite/wp-blog-header.php(19): require_once('...')
#17 /var/www/html/servicesite/index.php(17): require('...')
#18 {main}
  thrown in /var/www/html/servicesite/wp-content/plugins/truelysell-core/templates/booking/content-booking.php on line 281

