2024-02-29T20:01:21+00:00 CRITICAL Uncaught TypeError: implode(): Argument #1 ($array) must be of type array, string given in /var/www/html/servicesite/wp-content/themes/truelysell-child/template-parts/template-staff-dashboard.php:117
Stack trace:
#0 /var/www/html/servicesite/wp-content/themes/truelysell-child/template-parts/template-staff-dashboard.php(117): implode()
#1 /var/www/html/servicesite/wp-includes/template-loader.php(106): include('...')
#2 /var/www/html/servicesite/wp-blog-header.php(19): require_once('...')
#3 /var/www/html/servicesite/index.php(17): require('...')
#4 {main}
  thrown in /var/www/html/servicesite/wp-content/themes/truelysell-child/template-parts/template-staff-dashboard.php on line 117

2024-02-29T20:02:18+00:00 CRITICAL Uncaught TypeError: implode(): Argument #1 ($array) must be of type array, string given in /var/www/html/servicesite/wp-content/themes/truelysell-child/template-parts/template-staff-dashboard.php:117
Stack trace:
#0 /var/www/html/servicesite/wp-content/themes/truelysell-child/template-parts/template-staff-dashboard.php(117): implode()
#1 /var/www/html/servicesite/wp-includes/template-loader.php(106): include('...')
#2 /var/www/html/servicesite/wp-blog-header.php(19): require_once('...')
#3 /var/www/html/servicesite/index.php(17): require('...')
#4 {main}
  thrown in /var/www/html/servicesite/wp-content/themes/truelysell-child/template-parts/template-staff-dashboard.php on line 117

2024-02-29T20:05:36+00:00 CRITICAL Uncaught TypeError: implode(): Argument #1 ($array) must be of type array, string given in /var/www/html/servicesite/wp-content/themes/truelysell-child/template-parts/template-staff-dashboard.php:116
Stack trace:
#0 /var/www/html/servicesite/wp-content/themes/truelysell-child/template-parts/template-staff-dashboard.php(116): implode()
#1 /var/www/html/servicesite/wp-includes/template-loader.php(106): include('...')
#2 /var/www/html/servicesite/wp-blog-header.php(19): require_once('...')
#3 /var/www/html/servicesite/index.php(17): require('...')
#4 {main}
  thrown in /var/www/html/servicesite/wp-content/themes/truelysell-child/template-parts/template-staff-dashboard.php on line 116

2024-02-29T20:19:16+00:00 CRITICAL Uncaught TypeError: implode(): Argument #1 ($array) must be of type array, string given in /var/www/html/servicesite/wp-content/themes/truelysell-child/template-parts/template-staff-dashboard.php:119
Stack trace:
#0 /var/www/html/servicesite/wp-content/themes/truelysell-child/template-parts/template-staff-dashboard.php(119): implode()
#1 /var/www/html/servicesite/wp-includes/template-loader.php(106): include('...')
#2 /var/www/html/servicesite/wp-blog-header.php(19): require_once('...')
#3 /var/www/html/servicesite/index.php(17): require('...')
#4 {main}
  thrown in /var/www/html/servicesite/wp-content/themes/truelysell-child/template-parts/template-staff-dashboard.php on line 119

